dpkg-query: no packages found matching zlib1g-dev
dpkg-query: no packages found matching zig
dpkg-query: no packages found matching z3
dpkg-query: no packages found matching xorg-dev
dpkg-query: no packages found matching xdot
dpkg-query: no packages found matching wget
dpkg-query: no packages found matching wayland-protocols
dpkg-query: no packages found matching vim-nox
dpkg-query: no packages found matching uuid-dev
dpkg-query: no packages found matching usbmuxd
dpkg-query: no packages found matching unzip
dpkg-query: no packages found matching unixodbc-dev
dpkg-query: no packages found matching tzdata
dpkg-query: no packages found matching tk8.5-dev
dpkg-query: no packages found matching tk-dev
dpkg-query: no packages found matching time
dpkg-query: no packages found matching thrift-compiler
dpkg-query: no packages found matching texlive-latex-base
dpkg-query: no packages found matching tcl8.5-dev
dpkg-query: no packages found matching tcl-dev
dpkg-query: no packages found matching swi-prolog
dpkg-query: no packages found matching sqlite3
dpkg-query: no packages found matching sdpa
dpkg-query: no packages found matching ruby-sass
dpkg-query: no packages found matching ruby
dpkg-query: no packages found matching radare2
dpkg-query: no packages found matching r-mathlib
dpkg-query: no packages found matching r-base-core
dpkg-query: no packages found matching qtdeclarative5-dev
dpkg-query: no packages found matching qt5-qmake
dpkg-query: no packages found matching qt5-default
dpkg-query: no packages found matching qt4-qmake
dpkg-query: no packages found matching python3-yaml
dpkg-query: no packages found matching python3-rdkit
dpkg-query: no packages found matching python3-distutils
dpkg-query: no packages found matching python3-dev
dpkg-query: no packages found matching python3
dpkg-query: no packages found matching python2.7-dev
dpkg-query: no packages found matching python2.7
dpkg-query: no packages found matching python-rdkit
dpkg-query: no packages found matching python
dpkg-query: no packages found matching protobuf-compiler
dpkg-query: no packages found matching postgresql-common
dpkg-query: no packages found matching postgresql
dpkg-query: no packages found matching portaudio19-dev
dpkg-query: no packages found matching pkg-config
dpkg-query: no packages found matching pixz
dpkg-query: no packages found matching patchutils
dpkg-query: no packages found matching pandoc
dpkg-query: no packages found matching npm
dpkg-query: no packages found matching nmap
dpkg-query: no packages found matching nettle-dev
dpkg-query: no packages found matching neko-dev
dpkg-query: no packages found matching neko
dpkg-query: no packages found matching ncurses-dev
dpkg-query: no packages found matching musl-tools
dpkg-query: no packages found matching mpi-default-dev
dpkg-query: no packages found matching mesa-common-dev
dpkg-query: no packages found matching mecab
dpkg-query: no packages found matching m4
dpkg-query: no packages found matching llvm-dev
dpkg-query: no packages found matching llvm-9-dev
dpkg-query: no packages found matching llvm-8-dev
dpkg-query: no packages found matching llvm-7-dev
dpkg-query: no packages found matching llvm-6.0-dev
dpkg-query: no packages found matching llvm-5.0-dev
dpkg-query: no packages found matching llvm-4.0-dev
dpkg-query: no packages found matching llvm-3.9-dev
dpkg-query: no packages found matching llvm-3.8-dev
dpkg-query: no packages found matching llvm-3.7-dev
dpkg-query: no packages found matching llvm-3.6-dev
dpkg-query: no packages found matching llvm-3.5-dev
dpkg-query: no packages found matching llvm-3.4-dev
dpkg-query: no packages found matching llvm-14-dev
dpkg-query: no packages found matching llvm-13-dev
dpkg-query: no packages found matching llvm-12-dev
dpkg-query: no packages found matching llvm-11-dev
dpkg-query: no packages found matching llvm-10-dev
dpkg-query: no packages found matching llvm
dpkg-query: no packages found matching linux-libc-dev
dpkg-query: no packages found matching libzstd-dev
dpkg-query: no packages found matching libzmq3-dev
dpkg-query: no packages found matching libzmq-dev
dpkg-query: no packages found matching libzip-dev
dpkg-query: no packages found matching libzbar-dev
dpkg-query: no packages found matching libyara-dev
dpkg-query: no packages found matching libxxhash-dev
dpkg-query: no packages found matching libxrandr-dev
dpkg-query: no packages found matching libxkbcommon-dev
dpkg-query: no packages found matching libxinerama-dev
dpkg-query: no packages found matching libxi-dev
dpkg-query: no packages found matching libxen-dev
dpkg-query: no packages found matching libxcursor-dev
dpkg-query: no packages found matching libxcb1-dev
dpkg-query: no packages found matching libxcb-xkb-dev
dpkg-query: no packages found matching libxcb-shm0-dev
dpkg-query: no packages found matching libxcb-keysyms1-dev
dpkg-query: no packages found matching libxcb-image0-dev
dpkg-query: no packages found matching libx11-dev
dpkg-query: no packages found matching libwxgtk3.0-dev
dpkg-query: no packages found matching libwxgtk-webview3.0-dev
dpkg-query: no packages found matching libwxgtk-media3.0-dev
dpkg-query: no packages found matching libwayland-dev
dpkg-query: no packages found matching libvorbis-dev
dpkg-query: no packages found matching libvo-aacenc-dev
dpkg-query: no packages found matching libvirt-dev
dpkg-query: no packages found matching libvirt-bin
dpkg-query: no packages found matching libuv1-dev
dpkg-query: no packages found matching libusb-1.0-0-dev
dpkg-query: no packages found matching libudunits2-dev
dpkg-query: no packages found matching libudev-dev
dpkg-query: no packages found matching libtraildb-dev
dpkg-query: no packages found matching libtool
dpkg-query: no packages found matching libtidy-dev
dpkg-query: no packages found matching libtheora-dev
dpkg-query: no packages found matching libtag1-dev
dpkg-query: no packages found matching libsystemd-dev
dpkg-query: no packages found matching libswscale-dev
dpkg-query: no packages found matching libswresample-dev
dpkg-query: no packages found matching libsvm-tools
dpkg-query: no packages found matching libsvm-dev
dpkg-query: no packages found matching libsundials-dev
dpkg-query: no packages found matching libstring-shellquote-perl
dpkg-query: no packages found matching libssl-dev
dpkg-query: no packages found matching libssh-dev
dpkg-query: no packages found matching libsrt-openssl-dev
dpkg-query: no packages found matching libsrt-gnutls-dev
dpkg-query: no packages found matching libsrt-dev
dpkg-query: no packages found matching libsqlite3-dev
dpkg-query: no packages found matching libspf2-dev
dpkg-query: no packages found matching libspeex-dev
dpkg-query: no packages found matching libsource-highlight-dev
dpkg-query: no packages found matching libsoundtouch0-dev
dpkg-query: no packages found matching libsoundtouch-dev
dpkg-query: no packages found matching libsodium-dev
dpkg-query: no packages found matching libsnmp-dev
dpkg-query: no packages found matching libsnappy-dev
dpkg-query: no packages found matching libshp-dev
dpkg-query: no packages found matching libshine-dev
dpkg-query: no packages found matching libsfml-dev
dpkg-query: no packages found matching libsecp256k1-dev
dpkg-query: no packages found matching libsecp256k1-0
dpkg-query: no packages found matching libseccomp-dev
dpkg-query: no packages found matching libsdl2-ttf-dev
dpkg-query: no packages found matching libsdl2-net-dev
dpkg-query: no packages found matching libsdl2-mixer-dev
dpkg-query: no packages found matching libsdl2-image-dev
dpkg-query: no packages found matching libsdl2-dev
dpkg-query: no packages found matching libsdl1.2-dev
dpkg-query: no packages found matching libsdl-ttf2.0-dev
dpkg-query: no packages found matching libsdl-net1.2-dev
dpkg-query: no packages found matching libsdl-mixer1.2-dev
dpkg-query: no packages found matching libsdl-image1.2-dev
dpkg-query: no packages found matching libsdl-gfx1.2-dev
dpkg-query: no packages found matching libschroedinger-dev
dpkg-query: no packages found matching libsanlock-dev
dpkg-query: no packages found matching libsamplerate0-dev
dpkg-query: no packages found matching libsamplerate-dev
dpkg-query: no packages found matching librsvg2-dev
dpkg-query: no packages found matching librocksdb-dev
dpkg-query: no packages found matching librdmacm-dev
dpkg-query: no packages found matching librdkit-dev
dpkg-query: no packages found matching librdkafka-dev
dpkg-query: no packages found matching libqt4-dev
dpkg-query: no packages found matching libqrencode-dev
dpkg-query: no packages found matching libpulse-dev
dpkg-query: no packages found matching libprotoc-dev
dpkg-query: no packages found matching libprotobuf-dev
dpkg-query: no packages found matching libproj-dev
dpkg-query: no packages found matching libpq-dev
dpkg-query: no packages found matching libppl-dev
dpkg-query: no packages found matching libportmidi-dev
dpkg-query: no packages found matching libpng-dev
dpkg-query: no packages found matching libplplot-dev
dpkg-query: no packages found matching libpcre2-dev
dpkg-query: no packages found matching libpci-dev
dpkg-query: no packages found matching libpapi-dev
dpkg-query: no packages found matching libpango1.0-dev
dpkg-query: no packages found matching libopus-dev
dpkg-query: no packages found matching libopenjpeg-dev
dpkg-query: no packages found matching libopenimageio-dev
dpkg-query: no packages found matching libopencc2
dpkg-query: no packages found matching libopencc1.1
dpkg-query: no packages found matching libopencc1
dpkg-query: no packages found matching libopencc-dev
dpkg-query: no packages found matching libopenblas-dev
dpkg-query: no packages found matching libopenbabel-dev
dpkg-query: no packages found matching libonig-dev
dpkg-query: no packages found matching libogg-dev
dpkg-query: no packages found matching libode-dev
dpkg-query: no packages found matching libnuma-dev
dpkg-query: no packages found matching libnlopt-dev
dpkg-query: no packages found matching libnl-route-3-dev
dpkg-query: no packages found matching libnl-3-dev
dpkg-query: no packages found matching libnl-3-200
dpkg-query: no packages found matching libncurses5-dev
dpkg-query: no packages found matching libncurses-dev
dpkg-query: no packages found matching libnauty2-dev
dpkg-query: no packages found matching libnanomsg-dev
dpkg-query: no packages found matching libmysqlclient-dev
dpkg-query: no packages found matching libmpg123-dev
dpkg-query: no packages found matching libmpfr-dev
dpkg-query: no packages found matching libmp3lame-dev
dpkg-query: no packages found matching libmosquitto-dev
dpkg-query: no packages found matching libmilter-dev
dpkg-query: no packages found matching libmecab-dev
dpkg-query: no packages found matching libmbedtls-dev
dpkg-query: no packages found matching libmaxminddb-dev
dpkg-query: no packages found matching libmariadbclient-dev
dpkg-query: no packages found matching libmariadb-dev
dpkg-query: no packages found matching libmagickcore-dev
dpkg-query: no packages found matching libmagic-dev
dpkg-query: no packages found matching libmad0-dev
dpkg-query: no packages found matching liblzo2-dev
dpkg-query: no packages found matching liblzma-dev
dpkg-query: no packages found matching liblz4-tool
dpkg-query: no packages found matching liblz4-dev
dpkg-query: no packages found matching liblua5.2-dev
dpkg-query: no packages found matching liblua5.1-0-dev
dpkg-query: no packages found matching liblo-dev
dpkg-query: no packages found matching liblmdb-dev
dpkg-query: no packages found matching liblldb-3.5-dev
dpkg-query: no packages found matching liblinear-tools
dpkg-query: no packages found matching liblilv-dev
dpkg-query: no packages found matching libleveldb-dev
dpkg-query: no packages found matching liblapacke-dev
dpkg-query: no packages found matching liblapack-dev
dpkg-query: no packages found matching libkyotocabinet-dev
dpkg-query: no packages found matching libkrb5-dev
dpkg-query: no packages found matching libjpeg-dev
dpkg-query: no packages found matching libjemalloc-dev
dpkg-query: no packages found matching libjavascriptcoregtk-3.0-dev
dpkg-query: no packages found matching libjasper-dev
dpkg-query: no packages found matching libjack-jackd2-dev
dpkg-query: no packages found matching libjack-dev
dpkg-query: no packages found matching libirrlicht-dev
dpkg-query: no packages found matching libipc-system-simple-perl
dpkg-query: no packages found matching libibverbs-dev
dpkg-query: no packages found matching libhidapi-dev
dpkg-query: no packages found matching libhdf5-serial-dev
dpkg-query: no packages found matching libhdf5-dev
dpkg-query: no packages found matching libhdf4-dev
dpkg-query: no packages found matching libgtkspell3-3-dev
dpkg-query: no packages found matching libgtksourceview2.0-dev
dpkg-query: no packages found matching libgtksourceview-3.0-dev
dpkg-query: no packages found matching libgtk2.0-dev
dpkg-query: no packages found matching libgtk-3-dev
dpkg-query: no packages found matching libgstreamer1.0-dev
dpkg-query: no packages found matching libgstreamer0.10-dev
dpkg-query: no packages found matching libgstreamer-plugins-base1.0-dev
dpkg-query: no packages found matching libgsl0-dev
dpkg-query: no packages found matching libgsl-dev
dpkg-query: no packages found matching libgsasl7-dev
dpkg-query: no packages found matching libgrib-api-dev
dpkg-query: no packages found matching libgpiod-dev
dpkg-query: no packages found matching libgoogle-perftools-dev
dpkg-query: no packages found matching libgoocanvas-2.0-dev
dpkg-query: no packages found matching libgnutls28-dev
dpkg-query: no packages found matching libgnustep-base-dev
dpkg-query: no packages found matching libgnomecanvas2-dev
dpkg-query: no packages found matching libgmp-dev
dpkg-query: no packages found matching libglu1-mesa-dev
dpkg-query: no packages found matching libglpk-dev
dpkg-query: no packages found matching libglib2.0-dev
dpkg-query: no packages found matching libglfw3-dev
dpkg-query: no packages found matching libglew-dev
dpkg-query: no packages found matching libgles2-mesa-dev
dpkg-query: no packages found matching libglade2-dev
dpkg-query: no packages found matching libgl1-mesa-dev
dpkg-query: no packages found matching libgirepository1.0-dev
dpkg-query: no packages found matching libgif-dev
dpkg-query: no packages found matching libgeoip-dev
dpkg-query: no packages found matching libgdbm-dev
dpkg-query: no packages found matching libgdbm-compat-dev
dpkg-query: no packages found matching libgdal-dev
dpkg-query: no packages found matching libgd-dev
dpkg-query: no packages found matching libgc-dev
dpkg-query: no packages found matching libgavl-dev
dpkg-query: no packages found matching libgammu-dev
dpkg-query: no packages found matching libfuse-dev
dpkg-query: no packages found matching libftgl-dev
dpkg-query: no packages found matching libfswatch-dev
dpkg-query: no packages found matching libfreetype6-dev
dpkg-query: no packages found matching libfontconfig1-dev
dpkg-query: no packages found matching libflac-dev
dpkg-query: no packages found matching libfftw3-dev
dpkg-query: no packages found matching libffi-dev
dpkg-query: no packages found matching libfdk-aac-dev
dpkg-query: no packages found matching libfarmhash-dev
dpkg-query: no packages found matching libfaad-dev
dpkg-query: no packages found matching libexpat1-dev
dpkg-query: no packages found matching libevent-dev
dpkg-query: no packages found matching libev-dev
dpkg-query: no packages found matching libelf-dev
dpkg-query: no packages found matching libelementary-dev
dpkg-query: no packages found matching libdw-dev
dpkg-query: no packages found matching libdlm-dev
dpkg-query: no packages found matching libdevmapper-dev
dpkg-query: no packages found matching libcurl4-gnutls-dev
dpkg-query: no packages found matching libclang-dev
dpkg-query: no packages found matching libclang-cpp-dev
dpkg-query: no packages found matching libclang-3.9-dev
dpkg-query: no packages found matching libclang-3.8-dev
dpkg-query: no packages found matching libclang-3.7-dev
dpkg-query: no packages found matching libclang-3.6-dev
dpkg-query: no packages found matching libclang-3.5-dev
dpkg-query: no packages found matching libclang-3.4-dev
dpkg-query: no packages found matching libcapnp-dev
dpkg-query: no packages found matching libcairo2-dev
dpkg-query: no packages found matching libc6-dev
dpkg-query: no packages found matching libc++-dev
dpkg-query: no packages found matching libbz2-dev
dpkg-query: no packages found matching libbrotli-dev
dpkg-query: no packages found matching libboost-dev
dpkg-query: no packages found matching libbluetooth-dev
dpkg-query: no packages found matching libblas-dev
dpkg-query: no packages found matching libbdd-dev
dpkg-query: no packages found matching libavutil-dev
dpkg-query: no packages found matching libavformat-dev
dpkg-query: no packages found matching libavfilter-dev
dpkg-query: no packages found matching libavdevice-dev
dpkg-query: no packages found matching libavcodec-dev
dpkg-query: no packages found matching libaugeas-dev
dpkg-query: no packages found matching libassimp-dev
dpkg-query: no packages found matching libasound2-dev
dpkg-query: no packages found matching libargon2-0
dpkg-query: no packages found matching libao-dev
dpkg-query: no packages found matching libaio-dev
dpkg-query: no packages found matching ladspa-sdk
dpkg-query: no packages found matching jq
dpkg-query: no packages found matching iverilog
dpkg-query: no packages found matching imagemagick
dpkg-query: no packages found matching hwdata
dpkg-query: no packages found matching help2man
dpkg-query: no packages found matching hdf4-tools
dpkg-query: no packages found matching haveged
dpkg-query: no packages found matching guile-3.0-dev
dpkg-query: no packages found matching graphviz
dpkg-query: no packages found matching gobjc++
dpkg-query: no packages found matching gobjc
dpkg-query: no packages found matching gnustep-devel
dpkg-query: no packages found matching gnustep
dpkg-query: no packages found matching gnuplot-x11
dpkg-query: no packages found matching gnome-icon-theme
dpkg-query: no packages found matching ghostscript
dpkg-query: no packages found matching gfortran
dpkg-query: no packages found matching gcc-multilib
dpkg-query: no packages found matching gcc-aarch64-linux-gnu
dpkg-query: no packages found matching gcc
dpkg-query: no packages found matching g++-multilib
dpkg-query: no packages found matching g++
dpkg-query: no packages found matching frei0r-plugins-dev
dpkg-query: no packages found matching freetds-dev
dpkg-query: no packages found matching freeglut3-dev
dpkg-query: no packages found matching flex
dpkg-query: no packages found matching emacs
dpkg-query: no packages found matching dssi-dev
dpkg-query: no packages found matching default-jdk
dpkg-query: no packages found matching coinor-csdp
dpkg-query: no packages found matching cmake
dpkg-query: no packages found matching clang-format
dpkg-query: no packages found matching clang-3.9
dpkg-query: no packages found matching clang-3.8
dpkg-query: no packages found matching clang-3.7
dpkg-query: no packages found matching clang-3.6
dpkg-query: no packages found matching clang-3.5
dpkg-query: no packages found matching clang-3.4
dpkg-query: no packages found matching clang
dpkg-query: no packages found matching cargo
dpkg-query: no packages found matching capnproto
dpkg-query: no packages found matching camlp4-extra
dpkg-query: no packages found matching camlidl
dpkg-query: no packages found matching bubblewrap
dpkg-query: no packages found matching bmake
dpkg-query: no packages found matching blktap-dev
dpkg-query: no packages found matching bison
dpkg-query: no packages found matching binutils-multiarch
dpkg-query: no packages found matching binutils-dev
dpkg-query: no packages found matching binutils
dpkg-query: no packages found matching automake
dpkg-query: no packages found matching autoconf
dpkg-query: no packages found matching assimp-utils
dpkg-query: no packages found matching asciidoc
dpkg-query: no packages found matching adwaita-icon-theme-full
dpkg-query: no packages found matching adwaita-icon-theme
